<?xml version="1.0" encoding="UTF-8"?>
<!-- Generated by org.testng.reporters.JUnitReportReporter -->
<testsuite hostname="DESKTOP-DG4NUTJ" failures="0" tests="1" name="onetoone.Buttonschecking" time="50.366" errors="0" timestamp="2021-11-26T19:13:50 IST" skipped="0">
  <testcase classname="onetoone.Buttonschecking" name="Connect" time="50.366"/>
  <system-out/>
</testsuite> <!-- onetoone.Buttonschecking -->
