<?xml version="1.0" encoding="UTF-8"?>
<!-- Generated by org.testng.reporters.JUnitReportReporter -->
<testsuite hostname="DESKTOP-DG4NUTJ" failures="0" tests="1" name="onetoone.Logochecking" time="77.341" errors="0" timestamp="2021-11-21T12:25:24 IST" skipped="0">
  <testcase classname="onetoone.Logochecking" name="Connect" time="77.341"/>
  <system-out/>
</testsuite> <!-- onetoone.Logochecking -->
