<?xml version="1.0" encoding="UTF-8"?>
<!-- Generated by org.testng.reporters.JUnitReportReporter -->
<testsuite hostname="DESKTOP-DG4NUTJ" failures="0" tests="1" name="onetoone.Insufficientfunts" time="59.098" errors="0" timestamp="2021-11-21T13:26:57 IST" skipped="0">
  <testcase classname="onetoone.Insufficientfunts" name="Connect" time="59.098"/>
  <system-out/>
</testsuite> <!-- onetoone.Insufficientfunts -->
