<?xml version="1.0" encoding="UTF-8"?>
<!-- Generated by org.testng.reporters.JUnitReportReporter -->
<testsuite hostname="DESKTOP-DG4NUTJ" failures="0" tests="1" name="NewUI.BorrowPowervaluechecking" time="69.223" errors="0" timestamp="2021-11-29T12:08:27 IST" skipped="0">
  <testcase classname="NewUI.BorrowPowervaluechecking" name="Borrowpower" time="69.223"/>
  <system-out/>
</testsuite> <!-- NewUI.BorrowPowervaluechecking -->
