<?xml version="1.0" encoding="UTF-8"?>
<!-- Generated by org.testng.reporters.JUnitReportReporter -->
<testsuite hostname="DESKTOP-DG4NUTJ" failures="0" tests="1" name="onetoone.DaiBalance" time="110.716" errors="0" timestamp="2021-11-26T13:08:00 IST" skipped="0">
  <testcase classname="onetoone.DaiBalance" name="Connect" time="110.716"/>
  <system-out/>
</testsuite> <!-- onetoone.DaiBalance -->
