<?xml version="1.0" encoding="UTF-8"?>
<!-- Generated by org.testng.reporters.JUnitReportReporter -->
<testsuite hostname="DESKTOP-DG4NUTJ" failures="0" tests="1" name="NewUI.Loanrepay" time="148.553" errors="0" timestamp="2021-11-29T10:35:57 IST" skipped="0">
  <testcase classname="NewUI.Loanrepay" name="Withdraw" time="148.553"/>
  <system-out/>
</testsuite> <!-- NewUI.Loanrepay -->
