<?xml version="1.0" encoding="UTF-8"?>
<!-- Generated by org.testng.reporters.JUnitReportReporter -->
<testsuite hostname="DESKTOP-DG4NUTJ" failures="0" tests="1" name="onetoone.Gettingyieldvalue" time="83.425" errors="0" timestamp="2021-11-24T14:23:17 IST" skipped="0">
  <testcase classname="onetoone.Gettingyieldvalue" name="Yieldvalue" time="83.425"/>
  <system-out/>
</testsuite> <!-- onetoone.Gettingyieldvalue -->
