<?xml version="1.0" encoding="UTF-8"?>
<!-- Generated by org.testng.reporters.JUnitReportReporter -->
<testsuite hostname="DESKTOP-DG4NUTJ" failures="0" tests="1" name="refi.Basic" time="62.230" errors="0" timestamp="2021-11-20T15:52:50 IST" skipped="0">
  <testcase classname="refi.Basic" name="Connection" time="62.230"/>
  <system-out/>
</testsuite> <!-- refi.Basic -->
