<?xml version="1.0" encoding="UTF-8"?>
<!-- Generated by org.testng.reporters.JUnitReportReporter -->
<testsuite hostname="DESKTOP-DG4NUTJ" failures="0" tests="1" name="onetoone.Connection" time="50.704" errors="0" timestamp="2021-11-20T20:27:28 IST" skipped="0">
  <testcase classname="onetoone.Connection" name="Connect" time="50.704"/>
  <system-out/>
</testsuite> <!-- onetoone.Connection -->
