<?xml version="1.0" encoding="UTF-8"?>
<!-- Generated by org.testng.reporters.JUnitReportReporter -->
<testsuite hostname="DESKTOP-DG4NUTJ" failures="0" tests="1" name="onetoone.StakeETHdeposit" time="81.439" errors="0" timestamp="2021-11-20T21:14:58 IST" skipped="0">
  <testcase classname="onetoone.StakeETHdeposit" name="Connect" time="81.439"/>
  <system-out/>
</testsuite> <!-- onetoone.StakeETHdeposit -->
