<?xml version="1.0" encoding="UTF-8"?>
<!-- Generated by org.testng.reporters.JUnitReportReporter -->
<testsuite hostname="DESKTOP-DG4NUTJ" failures="0" tests="1" name="onetoone.NStakebuttonsChecking" time="54.514" errors="0" timestamp="2021-11-20T20:57:25 IST" skipped="0">
  <testcase classname="onetoone.NStakebuttonsChecking" name="Connect" time="54.514"/>
  <system-out/>
</testsuite> <!-- onetoone.NStakebuttonsChecking -->
