<?xml version="1.0" encoding="UTF-8"?>
<!-- Generated by org.testng.reporters.JUnitReportReporter -->
<testsuite hostname="DESKTOP-DG4NUTJ" failures="0" tests="1" name="onetoone.TRequestwithdraw" time="78.085" errors="0" timestamp="2021-11-20T22:17:29 IST" skipped="0">
  <testcase classname="onetoone.TRequestwithdraw" name="Connect" time="78.085"/>
  <system-out/>
</testsuite> <!-- onetoone.TRequestwithdraw -->
