<?xml version="1.0" encoding="UTF-8"?>
<!-- Generated by org.testng.reporters.JUnitReportReporter -->
<testsuite hostname="DESKTOP-DG4NUTJ" failures="0" tests="1" name="onetoone.Errormessagestakepage" time="52.103" errors="0" timestamp="2021-11-21T14:16:59 IST" skipped="0">
  <testcase classname="onetoone.Errormessagestakepage" name="Connect" time="52.103"/>
  <system-out/>
</testsuite> <!-- onetoone.Errormessagestakepage -->
