<?xml version="1.0" encoding="UTF-8"?>
<!-- Generated by org.testng.reporters.JUnitReportReporter -->
<testsuite hostname="DESKTOP-DG4NUTJ" failures="0" tests="1" name="NewUI.Loantovalue" time="59.568" errors="0" timestamp="2021-11-29T20:35:00 IST" skipped="0">
  <testcase classname="NewUI.Loantovalue" name="values" time="59.568"/>
  <system-out/>
</testsuite> <!-- NewUI.Loantovalue -->
