<?xml version="1.0" encoding="UTF-8"?>
<!-- Generated by org.testng.reporters.JUnitReportReporter -->
<testsuite hostname="DESKTOP-DG4NUTJ" failures="0" tests="1" name="onetoone.Maxamount" time="58.865" errors="0" timestamp="2021-11-21T13:58:38 IST" skipped="0">
  <testcase classname="onetoone.Maxamount" name="Connect" time="58.865"/>
  <system-out/>
</testsuite> <!-- onetoone.Maxamount -->
