<?xml version="1.0" encoding="UTF-8"?>
<!-- Generated by org.testng.reporters.JUnitReportReporter -->
<testsuite hostname="DESKTOP-DG4NUTJ" failures="0" tests="1" name="onetoone.Borrwolimitcalculation" time="109.813" errors="0" timestamp="2021-11-24T16:26:51 IST" skipped="0">
  <testcase classname="onetoone.Borrwolimitcalculation" name="Yieldvalue" time="109.813"/>
  <system-out/>
</testsuite> <!-- onetoone.Borrwolimitcalculation -->
