<?xml version="1.0" encoding="UTF-8"?>
<!-- Generated by org.testng.reporters.JUnitReportReporter -->
<testsuite hostname="DESKTOP-DG4NUTJ" failures="0" tests="1" name="NewUI.Buttonschecking" time="70.864" errors="0" timestamp="2021-11-26T19:29:11 IST" skipped="0">
  <testcase classname="NewUI.Buttonschecking" name="connect" time="70.864"/>
  <system-out/>
</testsuite> <!-- NewUI.Buttonschecking -->
