<?xml version="1.0" encoding="UTF-8"?>
<!-- Generated by org.testng.reporters.JUnitReportReporter -->
<testsuite hostname="DESKTOP-DG4NUTJ" failures="0" tests="1" name="onetoone.StakeRequestwithdrawerrormessage" time="54.663" errors="0" timestamp="2021-11-21T14:51:08 IST" skipped="0">
  <testcase classname="onetoone.StakeRequestwithdrawerrormessage" name="Connect" time="54.663"/>
  <system-out/>
</testsuite> <!-- onetoone.StakeRequestwithdrawerrormessage -->
