<?xml version="1.0" encoding="UTF-8"?>
<!-- Generated by org.testng.reporters.JUnitReportReporter -->
<testsuite hostname="DESKTOP-DG4NUTJ" failures="0" tests="1" name="NewUI.Depositcolletral" time="75.618" errors="0" timestamp="2021-11-29T10:46:48 IST" skipped="0">
  <testcase classname="NewUI.Depositcolletral" name="f" time="75.618"/>
  <system-out/>
</testsuite> <!-- NewUI.Depositcolletral -->
