<?xml version="1.0" encoding="UTF-8"?>
<!-- Generated by org.testng.reporters.JUnitReportReporter -->
<testsuite hostname="DESKTOP-DG4NUTJ" failures="0" tests="1" name="NewUI.CheckingethandDAivalues" time="88.884" errors="0" timestamp="2021-11-29T20:45:32 IST" skipped="0">
  <testcase classname="NewUI.CheckingethandDAivalues" name="values" time="88.884"/>
  <system-out/>
</testsuite> <!-- NewUI.CheckingethandDAivalues -->
