<?xml version="1.0" encoding="UTF-8"?>
<!-- Generated by org.testng.reporters.JUnitReportReporter -->
<testsuite hostname="DESKTOP-DG4NUTJ" failures="0" tests="1" name="NewUI.BorrowDAI" time="81.584" errors="0" timestamp="2021-11-29T16:14:02 IST" skipped="0">
  <testcase classname="NewUI.BorrowDAI" name="Withdraw" time="81.584"/>
  <system-out/>
</testsuite> <!-- NewUI.BorrowDAI -->
