<?xml version="1.0" encoding="UTF-8"?>
<!-- Generated by org.testng.reporters.JUnitReportReporter -->
<testsuite hostname="DESKTOP-DG4NUTJ" failures="0" tests="1" name="NewUI.Connection" time="51.535" errors="0" timestamp="2021-11-26T19:37:20 IST" skipped="0">
  <testcase classname="NewUI.Connection" name="f" time="51.535"/>
  <system-out/>
</testsuite> <!-- NewUI.Connection -->
