<?xml version="1.0" encoding="UTF-8"?>
<!-- Generated by org.testng.reporters.JUnitReportReporter -->
<testsuite hostname="DESKTOP-DG4NUTJ" failures="0" tests="1" name="onetoone.StakeMaxamount" time="67.592" errors="0" timestamp="2021-11-21T15:57:06 IST" skipped="0">
  <testcase classname="onetoone.StakeMaxamount" name="Connect" time="67.592"/>
  <system-out/>
</testsuite> <!-- onetoone.StakeMaxamount -->
