<?xml version="1.0" encoding="UTF-8"?>
<!-- Generated by org.testng.reporters.JUnitReportReporter -->
<testsuite hostname="DESKTOP-DG4NUTJ" failures="0" tests="1" name="onetoone.KHealthratio" time="71.492" errors="0" timestamp="2021-11-20T20:51:33 IST" skipped="0">
  <testcase classname="onetoone.KHealthratio" name="Connect" time="71.492"/>
  <system-out/>
</testsuite> <!-- onetoone.KHealthratio -->
