<?xml version="1.0" encoding="UTF-8"?>
<!-- Generated by org.testng.reporters.JUnitReportReporter -->
<testsuite hostname="DESKTOP-DG4NUTJ" failures="0" tests="1" name="NewUI.Borrowlimit" time="68.845" errors="0" timestamp="2021-11-29T12:18:02 IST" skipped="0">
  <testcase classname="NewUI.Borrowlimit" name="Borrow" time="68.845"/>
  <system-out/>
</testsuite> <!-- NewUI.Borrowlimit -->
