<?xml version="1.0" encoding="UTF-8"?>
<!-- Generated by org.testng.reporters.JUnitReportReporter -->
<testsuite hostname="DESKTOP-DG4NUTJ" failures="0" tests="1" name="NewUI.Disconnectwallet" time="71.738" errors="0" timestamp="2021-11-26T19:49:11 IST" skipped="0">
  <testcase classname="NewUI.Disconnectwallet" name="f" time="71.738"/>
  <system-out/>
</testsuite> <!-- NewUI.Disconnectwallet -->
